2025-05-24 04:45:36,300 - __main__ - INFO - Initializing OpenHCS Hybrid TUI...
2025-05-24 04:45:36,301 - openhcs.tui_hybrid.controllers.app_controller - INFO - AppController initialized successfully
2025-05-24 04:45:36,301 - __main__ - INFO - Hybrid TUI initialized successfully
2025-05-24 04:45:36,301 - __main__ - INFO - Starting OpenHCS Hybrid TUI...
2025-05-24 04:45:36,320 - openhcs.tui_hybrid.controllers.app_controller - INFO - Starting hybrid TUI application
2025-05-24 04:45:43,098 - openhcs.tui_hybrid.controllers.app_controller - INFO - AppController cleaned up successfully
2025-05-24 04:45:43,120 - openhcs.tui_hybrid.controllers.app_controller - INFO - AppController cleaned up successfully
2025-05-24 04:45:43,120 - openhcs.tui_hybrid.controllers.app_controller - INFO - AppController cleaned up successfully
2025-05-24 04:45:43,120 - __main__ - INFO - Hybrid TUI cleanup complete
2025-05-24 04:45:45,936 - __main__ - INFO - Initializing OpenHCS Hybrid TUI...
2025-05-24 04:45:45,937 - openhcs.tui_hybrid.controllers.app_controller - INFO - AppController initialized successfully
2025-05-24 04:45:45,937 - __main__ - INFO - Hybrid TUI initialized successfully
2025-05-24 04:45:45,937 - __main__ - INFO - Starting OpenHCS Hybrid TUI...
2025-05-24 04:45:45,948 - openhcs.tui_hybrid.controllers.app_controller - INFO - Starting hybrid TUI application
2025-05-24 04:47:30,526 - openhcs.tui_hybrid.controllers.app_controller - INFO - AppController cleaned up successfully
2025-05-24 04:47:30,546 - openhcs.tui_hybrid.controllers.app_controller - INFO - AppController cleaned up successfully
2025-05-24 04:47:30,546 - openhcs.tui_hybrid.controllers.app_controller - INFO - AppController cleaned up successfully
2025-05-24 04:47:30,546 - __main__ - INFO - Hybrid TUI cleanup complete
2025-05-24 05:03:15,505 - openhcs.tui_hybrid.main - INFO - Initializing OpenHCS Hybrid TUI...
2025-05-24 05:03:17,032 - openhcs.processing.func_registry - INFO - Scanning for functions in /home/ts/code/projects/openhcs/openhcs/processing
2025-05-24 05:03:17,037 - openhcs.processing.func_registry - INFO - Function registry initialized with 15 functions across 5 backends
2025-05-24 05:03:17,060 - openhcs.tui.plate_manager_core - WARNING - PlateManagerPane: Services not initialized - filemanager not available.
2025-05-24 05:03:17,143 - openhcs.tui_hybrid.controllers.app_controller - INFO - Pipeline editor initialized successfully
2025-05-24 05:03:17,151 - openhcs.tui_hybrid.controllers.app_controller - INFO - AppController initialized successfully
2025-05-24 05:03:17,158 - openhcs.tui_hybrid.main - INFO - Hybrid TUI initialized successfully
2025-05-24 05:03:17,171 - openhcs.tui_hybrid.controllers.app_controller - INFO - AppController cleaned up successfully
2025-05-24 05:03:17,178 - openhcs.tui_hybrid.main - INFO - Hybrid TUI cleanup complete
2025-05-24 05:03:17,192 - openhcs.tui.plate_manager_core - WARNING - PlateManagerPane._initialize_ui called before app is fully running. Deferring.
2025-05-24 05:03:17,199 - asyncio - ERROR - prompt_toolkit.Application background task <Task finished name='Task-2' coro=<PlateManagerPane._initialize_ui() done, defined at /home/ts/code/projects/openhcs/openhcs/tui/plate_manager_core.py:155> exception=AttributeError("'DummyApplication' object has no attribute 'call_later'")> raised an unexpected exception.
task: <Task finished name='Task-2' coro=<PlateManagerPane._initialize_ui() done, defined at /home/ts/code/projects/openhcs/openhcs/tui/plate_manager_core.py:155> exception=AttributeError("'DummyApplication' object has no attribute 'call_later'")>
Traceback (most recent call last):
  File "/home/ts/code/projects/openhcs/openhcs/tui/plate_manager_core.py", line 163, in _initialize_ui
    app.call_later(0.1, lambda: get_app().create_background_task(self._initialize_ui()))
    ^^^^^^^^^^^^^^
AttributeError: 'DummyApplication' object has no attribute 'call_later'
2025-05-24 05:04:40,804 - openhcs.tui_hybrid.main - INFO - Initializing OpenHCS Hybrid TUI...
2025-05-24 05:04:42,312 - openhcs.processing.func_registry - INFO - Scanning for functions in /home/ts/code/projects/openhcs/openhcs/processing
2025-05-24 05:04:42,317 - openhcs.processing.func_registry - INFO - Function registry initialized with 15 functions across 5 backends
2025-05-24 05:04:42,341 - openhcs.tui.plate_manager_core - WARNING - PlateManagerPane: Services not initialized - filemanager not available.
2025-05-24 05:04:42,409 - openhcs.tui_hybrid.controllers.app_controller - INFO - Pipeline editor initialized successfully
2025-05-24 05:04:42,416 - openhcs.tui_hybrid.controllers.app_controller - INFO - AppController initialized successfully
2025-05-24 05:04:42,423 - openhcs.tui_hybrid.main - INFO - Hybrid TUI initialized successfully
2025-05-24 05:04:42,437 - openhcs.tui_hybrid.controllers.app_controller - INFO - AppController cleaned up successfully
2025-05-24 05:04:42,444 - openhcs.tui_hybrid.main - INFO - Hybrid TUI cleanup complete
2025-05-24 05:04:42,457 - openhcs.tui.plate_manager_core - WARNING - PlateManagerPane._initialize_ui called before app is fully running. Deferring.
2025-05-24 05:04:42,463 - asyncio - ERROR - prompt_toolkit.Application background task <Task finished name='Task-2' coro=<PlateManagerPane._initialize_ui() done, defined at /home/ts/code/projects/openhcs/openhcs/tui/plate_manager_core.py:155> exception=AttributeError("'DummyApplication' object has no attribute 'call_later'")> raised an unexpected exception.
task: <Task finished name='Task-2' coro=<PlateManagerPane._initialize_ui() done, defined at /home/ts/code/projects/openhcs/openhcs/tui/plate_manager_core.py:155> exception=AttributeError("'DummyApplication' object has no attribute 'call_later'")>
Traceback (most recent call last):
  File "/home/ts/code/projects/openhcs/openhcs/tui/plate_manager_core.py", line 163, in _initialize_ui
    app.call_later(0.1, lambda: get_app().create_background_task(self._initialize_ui()))
    ^^^^^^^^^^^^^^
AttributeError: 'DummyApplication' object has no attribute 'call_later'
